d:\desktop\file\thread_stitch\video_stitch\video_stitch\x64\debug\vc142.pdb
d:\desktop\file\thread_stitch\video_stitch\video_stitch\x64\debug\vc142.idb
d:\desktop\file\thread_stitch\video_stitch\video_stitch\x64\debug\main.obj
d:\desktop\file\thread_stitch\video_stitch\video_stitch\x64\debug\t_cam_1.obj
d:\desktop\file\thread_stitch\video_stitch\video_stitch\x64\debug\t_kp_1.obj
d:\desktop\file\thread_stitch\video_stitch\video_stitch\x64\debug\t_kp_0.obj
d:\desktop\file\thread_stitch\video_stitch\video_stitch\x64\debug\t_cam_0.obj
d:\desktop\file\thread_stitch\video_stitch\video_stitch\x64\debug\camera_param.obj
d:\desktop\file\thread_stitch\video_stitch\video_stitch\x64\debug\t_hg.obj
d:\desktop\file\thread_stitch\video_stitch\video_stitch\x64\debug\t_warp_exp.obj
d:\desktop\file\thread_stitch\video_stitch\video_stitch\x64\debug\t_stitch.obj
d:\desktop\file\thread_stitch\video_stitch\video_stitch\x64\debug\t_est_seam.obj
d:\desktop\file\thread_stitch\video_stitch\x64\debug\video_stitch.exe
d:\desktop\file\thread_stitch\video_stitch\video_stitch\x64\debug\video_stitch.ilk
d:\desktop\file\thread_stitch\video_stitch\x64\debug\video_stitch.pdb
d:\desktop\file\thread_stitch\video_stitch\video_stitch\x64\debug\video_stitch.tlog\cl.command.1.tlog
d:\desktop\file\thread_stitch\video_stitch\video_stitch\x64\debug\video_stitch.tlog\cl.read.1.tlog
d:\desktop\file\thread_stitch\video_stitch\video_stitch\x64\debug\video_stitch.tlog\cl.write.1.tlog
d:\desktop\file\thread_stitch\video_stitch\video_stitch\x64\debug\video_stitch.tlog\link.command.1.tlog
d:\desktop\file\thread_stitch\video_stitch\video_stitch\x64\debug\video_stitch.tlog\link.read.1.tlog
d:\desktop\file\thread_stitch\video_stitch\video_stitch\x64\debug\video_stitch.tlog\link.write.1.tlog
