  main.cpp
D:\opencv\build\install\include\opencv2\xfeatures2d.hpp(1,1): warning C4819: 该文件包含不能在当前代码页(936)中表示的字符。请将该文件保存为 Unicode 格式以防止数据丢失
D:\DeskTop\file\Stitch_Thread\src\KeyPoint.hpp(43,14): warning C4305: “初始化”: 从“double”到“float”截断
D:\DeskTop\file\Stitch_Thread\src\main.cpp(52,25): warning C4244: “=”: 从“int64”转换到“double”，可能丢失数据
D:\DeskTop\file\Stitch_Thread\src\main.cpp(100,25): warning C4244: “=”: 从“int64”转换到“double”，可能丢失数据
D:\DeskTop\file\Stitch_Thread\src\main.cpp(137,29): warning C4244: “=”: 从“int64”转换到“double”，可能丢失数据
D:\DeskTop\file\Stitch_Thread\src\main.cpp(157,29): warning C4244: “=”: 从“int64”转换到“double”，可能丢失数据
D:\DeskTop\file\Stitch_Thread\src\main.cpp(192,25): warning C4244: “=”: 从“int64”转换到“double”，可能丢失数据
D:\DeskTop\file\Stitch_Thread\src\main.cpp(341,25): warning C4244: “=”: 从“int64”转换到“double”，可能丢失数据
D:\DeskTop\file\Stitch_Thread\src\main.cpp(373,12): warning C4101: “t”: 未引用的局部变量
D:\DeskTop\file\Stitch_Thread\src\main.cpp(431,25): warning C4244: “=”: 从“int64”转换到“double”，可能丢失数据
D:\DeskTop\file\Stitch_Thread\src\main.cpp(469,29): warning C4244: “=”: 从“int64”转换到“double”，可能丢失数据
D:\DeskTop\file\Stitch_Thread\src\main.cpp(503,25): warning C4244: “=”: 从“int64”转换到“double”，可能丢失数据
D:\DeskTop\file\Stitch_Thread\src\main.cpp(626,25): warning C4244: “=”: 从“int64”转换到“double”，可能丢失数据
D:\DeskTop\file\Stitch_Thread\src\main.cpp(649,12): warning C4101: “t”: 未引用的局部变量
  正在生成代码
  1 of 1538 functions (<0.1%) were compiled, the rest were copied from previous compilation.
    0 functions were new in current compilation
    2 functions had inline decision re-evaluated but remain unchanged
  已完成代码的生成
  Stitch_Thread.vcxproj -> D:\DeskTop\file\Stitch_Thread\src\Project\x64\Release\Stitch_Thread.exe
